<?xml version="1.0" encoding="UTF-8"?>
<!-- Generated by org.testng.reporters.JUnitXMLReporter -->
<testsuite ignored="1" hostname="LAPTOP-IBL78H48" failures="1" tests="2" name="Error Validation Test" time="21.624" errors="0" timestamp="2024-05-20T22:55:30 IST">
  <testcase classname="ramlaljava.test.ErrorValidationTest" name="placeOrder" time="1.029">
    <skipped/>
  </testcase> <!-- placeOrder -->
  <testcase classname="ramlaljava.test.ErrorValidationTest" name="placeOrder" time="1.044">
    <failure type="java.lang.AssertionError" message="expected [Incorrect email or password.] but found [Incorrect email password.]">
      <![CDATA[java.lang.AssertionError: expected [Incorrect email or password.] but found [Incorrect email password.]
at ramlaljava.test.ErrorValidationTest.placeOrder(ErrorValidationTest.java:27)
at java.base/java.util.ArrayList.forEach(ArrayList.java:1511)
at java.base/java.util.concurrent.FutureTask.run(FutureTask.java:264)
at java.base/java.util.concurrent.ThreadPoolExecutor.runWorker(ThreadPoolExecutor.java:1136)
at java.base/java.util.concurrent.ThreadPoolExecutor$Worker.run(ThreadPoolExecutor.java:635)
at java.base/java.lang.Thread.run(Thread.java:840)
... Removed 23 stack frames]]>
    </failure>
  </testcase> <!-- placeOrder -->
  <testcase classname="ramlaljava.test.ErrorValidationTest" name="productErrorValidation" time="0.0">
    <ignored/>
  </testcase> <!-- productErrorValidation -->
</testsuite> <!-- Error Validation Test -->
